Started GET "/" for 127.0.0.1 at 2019-02-18 17:55:32 -0500
  [1m[35m (6.9ms)[0m  [1m[35mSET NAMES utf8,  @@SESSION.sql_mode = CONCAT(CONCAT(@@sql_mode, ',STRICT_ALL_TABLES'), ',NO_AUTO_VALUE_ON_ZERO'),  @@SESSION.sql_auto_is_null = 0, @@SESSION.wait_timeout = 2147483[0m
  ↳ /home/master/.rbenv/versions/2.6.0-dev/lib/ruby/gems/2.6.0/gems/activerecord-5.2.2/lib/active_record/log_subscriber.rb:98
Processing by Rails::WelcomeController#index as HTML
  Rendering /home/master/.rbenv/versions/2.6.0-dev/lib/ruby/gems/2.6.0/gems/railties-5.2.2/lib/rails/templates/rails/welcome/index.html.erb
  Rendered /home/master/.rbenv/versions/2.6.0-dev/lib/ruby/gems/2.6.0/gems/railties-5.2.2/lib/rails/templates/rails/welcome/index.html.erb (2.9ms)
Completed 200 OK in 14ms (Views: 6.8ms | ActiveRecord: 0.0ms)


Started GET "/events" for 127.0.0.1 at 2019-02-18 17:56:35 -0500
  
ActionController::RoutingError (No route matches [GET] "/events"):
  
actionpack (5.2.2) lib/action_dispatch/middleware/debug_exceptions.rb:65:in `call'
web-console (3.7.0) lib/web_console/middleware.rb:135:in `call_app'
web-console (3.7.0) lib/web_console/middleware.rb:30:in `block in call'
web-console (3.7.0) lib/web_console/middleware.rb:20:in `catch'
web-console (3.7.0) lib/web_console/middleware.rb:20:in `call'
actionpack (5.2.2) lib/action_dispatch/middleware/show_exceptions.rb:33:in `call'
railties (5.2.2) lib/rails/rack/logger.rb:38:in `call_app'
railties (5.2.2) lib/rails/rack/logger.rb:26:in `block in call'
activesupport (5.2.2) lib/active_support/tagged_logging.rb:71:in `block in tagged'
activesupport (5.2.2) lib/active_support/tagged_logging.rb:28:in `tagged'
activesupport (5.2.2) lib/active_support/tagged_logging.rb:71:in `tagged'
railties (5.2.2) lib/rails/rack/logger.rb:26:in `call'
sprockets-rails (3.2.1) lib/sprockets/rails/quiet_assets.rb:13:in `call'
actionpack (5.2.2) lib/action_dispatch/middleware/remote_ip.rb:81:in `call'
actionpack (5.2.2) lib/action_dispatch/middleware/request_id.rb:27:in `call'
rack (2.0.6) lib/rack/method_override.rb:22:in `call'
rack (2.0.6) lib/rack/runtime.rb:22:in `call'
activesupport (5.2.2) lib/active_support/cache/strategy/local_cache_middleware.rb:29:in `call'
actionpack (5.2.2) lib/action_dispatch/middleware/executor.rb:14:in `call'
actionpack (5.2.2) lib/action_dispatch/middleware/static.rb:127:in `call'
rack (2.0.6) lib/rack/sendfile.rb:111:in `call'
railties (5.2.2) lib/rails/engine.rb:524:in `call'
puma (3.12.0) lib/puma/configuration.rb:225:in `call'
puma (3.12.0) lib/puma/server.rb:658:in `handle_request'
puma (3.12.0) lib/puma/server.rb:472:in `process_client'
puma (3.12.0) lib/puma/server.rb:332:in `block in run'
puma (3.12.0) lib/puma/thread_pool.rb:133:in `block in spawn_thread'
Started GET "/events" for 127.0.0.1 at 2019-02-18 18:18:55 -0500
  [1m[35m (0.4ms)[0m  [1m[35mSET NAMES utf8,  @@SESSION.sql_mode = CONCAT(CONCAT(@@sql_mode, ',STRICT_ALL_TABLES'), ',NO_AUTO_VALUE_ON_ZERO'),  @@SESSION.sql_auto_is_null = 0, @@SESSION.wait_timeout = 2147483[0m
  ↳ /home/master/.rbenv/versions/2.6.0-dev/lib/ruby/gems/2.6.0/gems/activerecord-5.2.2/lib/active_record/log_subscriber.rb:98
Processing by EventsController#index as HTML
  Rendering events/index.html.erb within layouts/application
  Rendered events/index.html.erb within layouts/application (1.1ms)
Completed 200 OK in 509ms (Views: 503.4ms | ActiveRecord: 0.0ms)


Started GET "/events" for 127.0.0.1 at 2019-02-18 18:19:41 -0500
Processing by EventsController#index as HTML
  Rendering events/index.html.erb within layouts/application
  Rendered events/index.html.erb within layouts/application (0.7ms)
Completed 200 OK in 17ms (Views: 15.5ms | ActiveRecord: 0.0ms)


Started GET "/events" for 127.0.0.1 at 2019-02-18 18:19:54 -0500
Processing by EventsController#index as HTML
  Rendering events/index.html.erb within layouts/application
  Rendered events/index.html.erb within layouts/application (0.7ms)
Completed 200 OK in 17ms (Views: 15.7ms | ActiveRecord: 0.0ms)


Started GET "/events" for 127.0.0.1 at 2019-02-18 18:20:19 -0500
Processing by EventsController#index as HTML
  Rendering events/index.html.erb within layouts/application
  Rendered events/index.html.erb within layouts/application (0.7ms)
Completed 200 OK in 18ms (Views: 15.7ms | ActiveRecord: 0.0ms)


Started GET "/events" for 127.0.0.1 at 2019-02-18 18:20:21 -0500
Processing by EventsController#index as HTML
  Rendering events/index.html.erb within layouts/application
  Rendered events/index.html.erb within layouts/application (0.8ms)
Completed 200 OK in 17ms (Views: 15.7ms | ActiveRecord: 0.0ms)


Started GET "/events" for 127.0.0.1 at 2019-02-18 18:58:00 -0500
  [1m[35m (0.2ms)[0m  [1m[35mSET NAMES utf8,  @@SESSION.sql_mode = CONCAT(CONCAT(@@sql_mode, ',STRICT_ALL_TABLES'), ',NO_AUTO_VALUE_ON_ZERO'),  @@SESSION.sql_auto_is_null = 0, @@SESSION.wait_timeout = 2147483[0m
  ↳ /home/master/.rbenv/versions/2.6.0-dev/lib/ruby/gems/2.6.0/gems/activerecord-5.2.2/lib/active_record/log_subscriber.rb:98
Processing by EventsController#index as HTML
  Rendering events/index.html.erb within layouts/application
  Rendered events/index.html.erb within layouts/application (0.6ms)
Completed 200 OK in 14ms (Views: 13.1ms | ActiveRecord: 0.0ms)


  [1m[35m (0.3ms)[0m  [1m[35mSET NAMES utf8,  @@SESSION.sql_mode = CONCAT(CONCAT(@@sql_mode, ',STRICT_ALL_TABLES'), ',NO_AUTO_VALUE_ON_ZERO'),  @@SESSION.sql_auto_is_null = 0, @@SESSION.wait_timeout = 2147483[0m
  ↳ bin/rails:9
Started GET "/events" for 127.0.0.1 at 2019-02-18 20:27:29 -0500
  [1m[35m (0.2ms)[0m  [1m[35mSET NAMES utf8,  @@SESSION.sql_mode = CONCAT(CONCAT(@@sql_mode, ',STRICT_ALL_TABLES'), ',NO_AUTO_VALUE_ON_ZERO'),  @@SESSION.sql_auto_is_null = 0, @@SESSION.wait_timeout = 2147483[0m
  ↳ /home/master/.rbenv/versions/2.6.0-dev/lib/ruby/gems/2.6.0/gems/activerecord-5.2.2/lib/active_record/log_subscriber.rb:98
Processing by EventsController#index as HTML
  Rendering events/index.html.erb within layouts/application
  Rendered events/index.html.erb within layouts/application (0.5ms)
Completed 200 OK in 15ms (Views: 14.4ms | ActiveRecord: 0.0ms)


Started GET "/demo" for 127.0.0.1 at 2019-02-18 20:31:57 -0500
  
ActionController::RoutingError (No route matches [GET] "/demo"):
  
actionpack (5.2.2) lib/action_dispatch/middleware/debug_exceptions.rb:65:in `call'
web-console (3.7.0) lib/web_console/middleware.rb:135:in `call_app'
web-console (3.7.0) lib/web_console/middleware.rb:30:in `block in call'
web-console (3.7.0) lib/web_console/middleware.rb:20:in `catch'
web-console (3.7.0) lib/web_console/middleware.rb:20:in `call'
actionpack (5.2.2) lib/action_dispatch/middleware/show_exceptions.rb:33:in `call'
railties (5.2.2) lib/rails/rack/logger.rb:38:in `call_app'
railties (5.2.2) lib/rails/rack/logger.rb:26:in `block in call'
activesupport (5.2.2) lib/active_support/tagged_logging.rb:71:in `block in tagged'
activesupport (5.2.2) lib/active_support/tagged_logging.rb:28:in `tagged'
activesupport (5.2.2) lib/active_support/tagged_logging.rb:71:in `tagged'
railties (5.2.2) lib/rails/rack/logger.rb:26:in `call'
sprockets-rails (3.2.1) lib/sprockets/rails/quiet_assets.rb:13:in `call'
actionpack (5.2.2) lib/action_dispatch/middleware/remote_ip.rb:81:in `call'
actionpack (5.2.2) lib/action_dispatch/middleware/request_id.rb:27:in `call'
rack (2.0.6) lib/rack/method_override.rb:22:in `call'
rack (2.0.6) lib/rack/runtime.rb:22:in `call'
activesupport (5.2.2) lib/active_support/cache/strategy/local_cache_middleware.rb:29:in `call'
actionpack (5.2.2) lib/action_dispatch/middleware/executor.rb:14:in `call'
actionpack (5.2.2) lib/action_dispatch/middleware/static.rb:127:in `call'
rack (2.0.6) lib/rack/sendfile.rb:111:in `call'
railties (5.2.2) lib/rails/engine.rb:524:in `call'
puma (3.12.0) lib/puma/configuration.rb:225:in `call'
puma (3.12.0) lib/puma/server.rb:658:in `handle_request'
puma (3.12.0) lib/puma/server.rb:472:in `process_client'
puma (3.12.0) lib/puma/server.rb:332:in `block in run'
puma (3.12.0) lib/puma/thread_pool.rb:133:in `block in spawn_thread'
Started GET "/demo_controller" for 127.0.0.1 at 2019-02-18 20:32:03 -0500
  
ActionController::RoutingError (No route matches [GET] "/demo_controller"):
  
actionpack (5.2.2) lib/action_dispatch/middleware/debug_exceptions.rb:65:in `call'
web-console (3.7.0) lib/web_console/middleware.rb:135:in `call_app'
web-console (3.7.0) lib/web_console/middleware.rb:30:in `block in call'
web-console (3.7.0) lib/web_console/middleware.rb:20:in `catch'
web-console (3.7.0) lib/web_console/middleware.rb:20:in `call'
actionpack (5.2.2) lib/action_dispatch/middleware/show_exceptions.rb:33:in `call'
railties (5.2.2) lib/rails/rack/logger.rb:38:in `call_app'
railties (5.2.2) lib/rails/rack/logger.rb:26:in `block in call'
activesupport (5.2.2) lib/active_support/tagged_logging.rb:71:in `block in tagged'
activesupport (5.2.2) lib/active_support/tagged_logging.rb:28:in `tagged'
activesupport (5.2.2) lib/active_support/tagged_logging.rb:71:in `tagged'
railties (5.2.2) lib/rails/rack/logger.rb:26:in `call'
sprockets-rails (3.2.1) lib/sprockets/rails/quiet_assets.rb:13:in `call'
actionpack (5.2.2) lib/action_dispatch/middleware/remote_ip.rb:81:in `call'
actionpack (5.2.2) lib/action_dispatch/middleware/request_id.rb:27:in `call'
rack (2.0.6) lib/rack/method_override.rb:22:in `call'
rack (2.0.6) lib/rack/runtime.rb:22:in `call'
activesupport (5.2.2) lib/active_support/cache/strategy/local_cache_middleware.rb:29:in `call'
actionpack (5.2.2) lib/action_dispatch/middleware/executor.rb:14:in `call'
actionpack (5.2.2) lib/action_dispatch/middleware/static.rb:127:in `call'
rack (2.0.6) lib/rack/sendfile.rb:111:in `call'
railties (5.2.2) lib/rails/engine.rb:524:in `call'
puma (3.12.0) lib/puma/configuration.rb:225:in `call'
puma (3.12.0) lib/puma/server.rb:658:in `handle_request'
puma (3.12.0) lib/puma/server.rb:472:in `process_client'
puma (3.12.0) lib/puma/server.rb:332:in `block in run'
puma (3.12.0) lib/puma/thread_pool.rb:133:in `block in spawn_thread'
Started GET "/" for 127.0.0.1 at 2019-02-18 20:32:38 -0500
Processing by Rails::WelcomeController#index as HTML
  Rendering /home/master/.rbenv/versions/2.6.0-dev/lib/ruby/gems/2.6.0/gems/railties-5.2.2/lib/rails/templates/rails/welcome/index.html.erb
  Rendered /home/master/.rbenv/versions/2.6.0-dev/lib/ruby/gems/2.6.0/gems/railties-5.2.2/lib/rails/templates/rails/welcome/index.html.erb (2.0ms)
Completed 200 OK in 6ms (Views: 3.2ms | ActiveRecord: 0.0ms)


Started GET "/demo/index" for 127.0.0.1 at 2019-02-18 20:34:20 -0500
Processing by DemoController#index as HTML
  Rendering demo/index.html.erb
  Rendered demo/index.html.erb (0.5ms)
Completed 200 OK in 3ms (Views: 1.8ms | ActiveRecord: 0.0ms)


DEPRECATION WARNING: Using a dynamic :controller segment in a route is deprecated and will be removed in Rails 6.0. (called from block in <main> at /home/master/Clones/ruby/pragmatic/events/config/routes.rb:5)
DEPRECATION WARNING: Using a dynamic :action segment in a route is deprecated and will be removed in Rails 6.0. (called from block in <main> at /home/master/Clones/ruby/pragmatic/events/config/routes.rb:5)
Started GET "/demo/index" for 127.0.0.1 at 2019-02-18 20:47:13 -0500
DEPRECATION WARNING: Using a dynamic :controller segment in a route is deprecated and will be removed in Rails 6.0. (called from block in <main> at /home/master/Clones/ruby/pragmatic/events/config/routes.rb:5)
DEPRECATION WARNING: Using a dynamic :action segment in a route is deprecated and will be removed in Rails 6.0. (called from block in <main> at /home/master/Clones/ruby/pragmatic/events/config/routes.rb:5)
  [1m[35m (0.2ms)[0m  [1m[35mSET NAMES utf8,  @@SESSION.sql_mode = CONCAT(CONCAT(@@sql_mode, ',STRICT_ALL_TABLES'), ',NO_AUTO_VALUE_ON_ZERO'),  @@SESSION.sql_auto_is_null = 0, @@SESSION.wait_timeout = 2147483[0m
  ↳ /home/master/.rbenv/versions/2.6.0-dev/lib/ruby/gems/2.6.0/gems/activerecord-5.2.2/lib/active_record/log_subscriber.rb:98
Processing by DemoController#index as HTML
  Rendering demo/index.html.erb
  Rendered demo/index.html.erb (0.5ms)
Completed 200 OK in 3ms (Views: 2.0ms | ActiveRecord: 0.0ms)


Started GET "/" for 127.0.0.1 at 2019-02-18 20:49:08 -0500
Processing by DemoController#index as HTML
  Rendering demo/index.html.erb
  Rendered demo/index.html.erb (0.3ms)
Completed 200 OK in 2ms (Views: 1.2ms | ActiveRecord: 0.0ms)


Started GET "/demo/index" for 127.0.0.1 at 2019-02-18 20:53:52 -0500
Processing by DemoController#index as HTML
  Rendering demo/index.html.erb
  Rendered demo/index.html.erb (0.4ms)
Completed 200 OK in 2ms (Views: 1.3ms | ActiveRecord: 0.0ms)


Started GET "/demo/hello" for 127.0.0.1 at 2019-02-18 20:53:58 -0500
  
ActionController::RoutingError (No route matches [GET] "/demo/hello"):
  
actionpack (5.2.2) lib/action_dispatch/middleware/debug_exceptions.rb:65:in `call'
web-console (3.7.0) lib/web_console/middleware.rb:135:in `call_app'
web-console (3.7.0) lib/web_console/middleware.rb:30:in `block in call'
web-console (3.7.0) lib/web_console/middleware.rb:20:in `catch'
web-console (3.7.0) lib/web_console/middleware.rb:20:in `call'
actionpack (5.2.2) lib/action_dispatch/middleware/show_exceptions.rb:33:in `call'
railties (5.2.2) lib/rails/rack/logger.rb:38:in `call_app'
railties (5.2.2) lib/rails/rack/logger.rb:26:in `block in call'
activesupport (5.2.2) lib/active_support/tagged_logging.rb:71:in `block in tagged'
activesupport (5.2.2) lib/active_support/tagged_logging.rb:28:in `tagged'
activesupport (5.2.2) lib/active_support/tagged_logging.rb:71:in `tagged'
railties (5.2.2) lib/rails/rack/logger.rb:26:in `call'
sprockets-rails (3.2.1) lib/sprockets/rails/quiet_assets.rb:13:in `call'
actionpack (5.2.2) lib/action_dispatch/middleware/remote_ip.rb:81:in `call'
actionpack (5.2.2) lib/action_dispatch/middleware/request_id.rb:27:in `call'
rack (2.0.6) lib/rack/method_override.rb:22:in `call'
rack (2.0.6) lib/rack/runtime.rb:22:in `call'
activesupport (5.2.2) lib/active_support/cache/strategy/local_cache_middleware.rb:29:in `call'
actionpack (5.2.2) lib/action_dispatch/middleware/executor.rb:14:in `call'
actionpack (5.2.2) lib/action_dispatch/middleware/static.rb:127:in `call'
rack (2.0.6) lib/rack/sendfile.rb:111:in `call'
railties (5.2.2) lib/rails/engine.rb:524:in `call'
puma (3.12.0) lib/puma/configuration.rb:225:in `call'
puma (3.12.0) lib/puma/server.rb:658:in `handle_request'
puma (3.12.0) lib/puma/server.rb:472:in `process_client'
puma (3.12.0) lib/puma/server.rb:332:in `block in run'
puma (3.12.0) lib/puma/thread_pool.rb:133:in `block in spawn_thread'
Started GET "/demo/hello" for 127.0.0.1 at 2019-02-18 20:54:39 -0500
Processing by DemoController#hello as HTML
  Rendering demo/hello.html.erb
  Rendered demo/hello.html.erb (0.4ms)
Completed 200 OK in 3ms (Views: 1.5ms | ActiveRecord: 0.0ms)


Started GET "/demo/hello" for 127.0.0.1 at 2019-02-18 20:57:44 -0500
Processing by DemoController#hello as HTML
  Rendering demo/index.html.erb
  Rendered demo/index.html.erb (0.3ms)
Completed 200 OK in 2ms (Views: 1.6ms | ActiveRecord: 0.0ms)


Started GET "/demo/index" for 127.0.0.1 at 2019-02-18 20:57:50 -0500
Processing by DemoController#index as HTML
  Rendering demo/hello.html.erb
  Rendered demo/hello.html.erb (0.4ms)
Completed 200 OK in 4ms (Views: 3.0ms | ActiveRecord: 0.0ms)


Started GET "/demo/index" for 127.0.0.1 at 2019-02-19 20:32:04 -0500
  [1m[35m (0.3ms)[0m  [1m[35mSET NAMES utf8,  @@SESSION.sql_mode = CONCAT(CONCAT(@@sql_mode, ',STRICT_ALL_TABLES'), ',NO_AUTO_VALUE_ON_ZERO'),  @@SESSION.sql_auto_is_null = 0, @@SESSION.wait_timeout = 2147483[0m
  ↳ /home/master/.rbenv/versions/2.6.0-dev/lib/ruby/gems/2.6.0/gems/activerecord-5.2.2/lib/active_record/log_subscriber.rb:98
Processing by DemoController#index as HTML
  Rendering demo/hello.html.erb
  Rendered demo/hello.html.erb (0.5ms)
Completed 200 OK in 3ms (Views: 2.3ms | ActiveRecord: 0.0ms)


Started GET "/demo/other_hello" for 127.0.0.1 at 2019-02-19 20:32:10 -0500
Processing by DemoController#other_hello as HTML
Redirected to http://localhost:3000/
Completed 302 Found in 2ms (ActiveRecord: 0.0ms)


Started GET "/" for 127.0.0.1 at 2019-02-19 20:32:10 -0500
Processing by DemoController#index as HTML
  Rendering demo/hello.html.erb
  Rendered demo/hello.html.erb (0.3ms)
Completed 200 OK in 2ms (Views: 1.3ms | ActiveRecord: 0.0ms)


Started GET "/demo/hello" for 127.0.0.1 at 2019-02-19 20:32:27 -0500
Processing by DemoController#hello as HTML
  Rendering demo/index.html.erb
  Rendered demo/index.html.erb (0.4ms)
Completed 200 OK in 2ms (Views: 1.5ms | ActiveRecord: 0.0ms)


Started GET "/demo/youtube" for 127.0.0.1 at 2019-02-19 20:34:49 -0500
Processing by DemoController#youtube as HTML
Redirected to http://youtube.com
Completed 302 Found in 1ms (ActiveRecord: 0.0ms)


Started GET "/demo/hello" for 127.0.0.1 at 2019-02-19 20:39:20 -0500
Processing by DemoController#hello as HTML
  Rendering demo/hello.html.erb
  Rendered demo/hello.html.erb (0.4ms)
Completed 200 OK in 3ms (Views: 1.9ms | ActiveRecord: 0.0ms)


Started GET "/demo/hello" for 127.0.0.1 at 2019-02-19 20:39:32 -0500
Processing by DemoController#hello as HTML
  Rendering demo/hello.html.erb
  Rendered demo/hello.html.erb (0.8ms)
Completed 200 OK in 3ms (Views: 2.6ms | ActiveRecord: 0.0ms)


Started GET "/demo/hello" for 127.0.0.1 at 2019-02-19 20:39:49 -0500
Processing by DemoController#hello as HTML
  Rendering demo/hello.html.erb
  Rendered demo/hello.html.erb (0.5ms)
Completed 200 OK in 2ms (Views: 1.6ms | ActiveRecord: 0.0ms)


Started GET "/demo/hello" for 127.0.0.1 at 2019-02-19 20:40:22 -0500
Processing by DemoController#hello as HTML
  Rendering demo/hello.html.erb
  Rendered demo/hello.html.erb (0.5ms)
Completed 200 OK in 2ms (Views: 1.7ms | ActiveRecord: 0.0ms)


Started GET "/demo/hello" for 127.0.0.1 at 2019-02-19 20:41:05 -0500
Processing by DemoController#hello as HTML
  Rendering demo/hello.html.erb
  Rendered demo/hello.html.erb (0.8ms)
Completed 500 Internal Server Error in 2ms (ActiveRecord: 0.0ms)


  
SyntaxError (/home/master/Clones/ruby/pragmatic/events/app/views/demo/hello.html.erb:10: unterminated string meets end of file
          end
              ^
/home/master/Clones/ruby/pragmatic/events/app/views/demo/hello.html.erb:10: syntax error, unexpected end-of-input, expecting ')'):
  
app/views/demo/hello.html.erb:10: unterminated string meets end of file
app/views/demo/hello.html.erb:10: syntax error, unexpected end-of-input, expecting ')'
app/controllers/demo_controller.rb:9:in `hello'
Started GET "/demo/hello" for 127.0.0.1 at 2019-02-19 20:41:45 -0500
Processing by DemoController#hello as HTML
  Rendering demo/hello.html.erb
  Rendered demo/hello.html.erb (198.7ms)
Completed 500 Internal Server Error in 201ms (ActiveRecord: 0.0ms)


  
ActionView::Template::Error (undefined local variable or method `world' for #<#<Class:0x00007fccf80fb168>:0x00007fccf81ca580>):
    2: 
    3: <%=1 + 1 %>
    4: <% target = "world" %> 
    5: <%= "hello #{world}" %> 
  
app/views/demo/hello.html.erb:5:in `_app_views_demo_hello_html_erb__1484314810795141295_70259156338740'
app/controllers/demo_controller.rb:9:in `hello'
Started GET "/demo/hello" for 127.0.0.1 at 2019-02-19 20:42:07 -0500
Processing by DemoController#hello as HTML
  Rendering demo/hello.html.erb
  Rendered demo/hello.html.erb (0.6ms)
Completed 200 OK in 2ms (Views: 1.6ms | ActiveRecord: 0.0ms)


Started GET "/demo/hello" for 127.0.0.1 at 2019-02-19 20:42:28 -0500
Processing by DemoController#hello as HTML
  Rendering demo/hello.html.erb
  Rendered demo/hello.html.erb (0.7ms)
Completed 200 OK in 3ms (Views: 2.2ms | ActiveRecord: 0.0ms)


Started GET "/demo/hello" for 127.0.0.1 at 2019-02-19 20:43:56 -0500
Processing by DemoController#hello as HTML
  Rendering demo/hello.html.erb
  Rendered demo/hello.html.erb (0.8ms)
Completed 200 OK in 3ms (Views: 2.1ms | ActiveRecord: 0.0ms)


Started GET "/demo/hello" for 127.0.0.1 at 2019-02-19 20:43:58 -0500
Processing by DemoController#hello as HTML
  Rendering demo/hello.html.erb
  Rendered demo/hello.html.erb (0.8ms)
Completed 200 OK in 2ms (Views: 1.8ms | ActiveRecord: 0.0ms)


Started GET "/demo/hello" for 127.0.0.1 at 2019-02-19 20:45:14 -0500
Processing by DemoController#hello as HTML
  Rendering demo/hello.html.erb
  Rendered demo/hello.html.erb (0.7ms)
Completed 200 OK in 2ms (Views: 1.6ms | ActiveRecord: 0.0ms)


Started GET "/demo/hello" for 127.0.0.1 at 2019-02-19 20:45:39 -0500
Processing by DemoController#hello as HTML
  Rendering demo/hello.html.erb
  Rendered demo/hello.html.erb (0.6ms)
Completed 200 OK in 2ms (Views: 1.8ms | ActiveRecord: 0.0ms)


Started GET "/demo/hello" for 127.0.0.1 at 2019-02-19 20:45:41 -0500
Processing by DemoController#hello as HTML
  Rendering demo/hello.html.erb
  Rendered demo/hello.html.erb (0.7ms)
Completed 200 OK in 3ms (Views: 1.9ms | ActiveRecord: 0.0ms)


Started GET "/demo/hello" for 127.0.0.1 at 2019-02-19 20:46:00 -0500
Processing by DemoController#hello as HTML
  Rendering demo/hello.html.erb
  Rendered demo/hello.html.erb (0.7ms)
Completed 200 OK in 3ms (Views: 2.2ms | ActiveRecord: 0.0ms)


Started GET "/demo/hello" for 127.0.0.1 at 2019-02-19 20:46:04 -0500
Processing by DemoController#hello as HTML
  Rendering demo/hello.html.erb
  Rendered demo/hello.html.erb (0.7ms)
Completed 200 OK in 3ms (Views: 2.1ms | ActiveRecord: 0.0ms)


Started GET "/demo/hello" for 127.0.0.1 at 2019-02-19 20:54:01 -0500
  [1m[35m (0.3ms)[0m  [1m[35mSET NAMES utf8,  @@SESSION.sql_mode = CONCAT(CONCAT(@@sql_mode, ',STRICT_ALL_TABLES'), ',NO_AUTO_VALUE_ON_ZERO'),  @@SESSION.sql_auto_is_null = 0, @@SESSION.wait_timeout = 2147483[0m
  ↳ /home/master/.rbenv/versions/2.6.0-dev/lib/ruby/gems/2.6.0/gems/activerecord-5.2.2/lib/active_record/log_subscriber.rb:98
Processing by DemoController#hello as HTML
  Rendering demo/hello.html.erb
  Rendered demo/hello.html.erb (0.7ms)
Completed 200 OK in 3ms (Views: 2.0ms | ActiveRecord: 0.0ms)


Started GET "/demo/hello" for 127.0.0.1 at 2019-02-19 20:55:38 -0500
Processing by DemoController#hello as HTML
  Rendering demo/hello.html.erb
  Rendered demo/hello.html.erb (0.7ms)
Completed 200 OK in 3ms (Views: 2.2ms | ActiveRecord: 0.0ms)


Started GET "/demo/hello" for 127.0.0.1 at 2019-02-19 21:01:09 -0500
  [1m[35m (0.3ms)[0m  [1m[35mSET NAMES utf8,  @@SESSION.sql_mode = CONCAT(CONCAT(@@sql_mode, ',STRICT_ALL_TABLES'), ',NO_AUTO_VALUE_ON_ZERO'),  @@SESSION.sql_auto_is_null = 0, @@SESSION.wait_timeout = 2147483[0m
  ↳ /home/master/.rbenv/versions/2.6.0-dev/lib/ruby/gems/2.6.0/gems/activerecord-5.2.2/lib/active_record/log_subscriber.rb:98
Processing by DemoController#hello as HTML
  Rendering demo/hello.html.erb
  Rendered demo/hello.html.erb (0.7ms)
Completed 200 OK in 3ms (Views: 2.0ms | ActiveRecord: 0.0ms)


Started GET "/demo/index" for 127.0.0.1 at 2019-02-19 21:01:13 -0500
Processing by DemoController#index as HTML
  Rendering demo/index.html.erb
  Rendered demo/index.html.erb (1.0ms)
Completed 200 OK in 3ms (Views: 2.1ms | ActiveRecord: 0.0ms)


Started GET "/demo/hello" for 127.0.0.1 at 2019-02-19 21:01:32 -0500
Processing by DemoController#hello as HTML
  Rendering demo/hello.html.erb
  Rendered demo/hello.html.erb (0.7ms)
Completed 200 OK in 2ms (Views: 1.7ms | ActiveRecord: 0.0ms)


Started GET "/demo/hello" for 127.0.0.1 at 2019-02-19 21:01:36 -0500
Processing by DemoController#hello as HTML
  Rendering demo/hello.html.erb
  Rendered demo/hello.html.erb (0.5ms)
Completed 200 OK in 2ms (Views: 1.8ms | ActiveRecord: 0.0ms)


